<?xml version="1.0" encoding="UTF-8"?>
<!-- Generated by org.testng.reporters.JUnitXMLReporter -->
<testsuite hostname="Nagendras-MBP.lan" ignored="0" name="Default test" tests="9" failures="0" timestamp="26 Jan 2021 22:37:34 GMT" time="36.242" errors="0">
  <testcase name="clickFlightbutton" time="0.109" classname="com.flightReservation.testCases.SearchFlights"/>
  <testcase name="selectTripType" time="7.295" classname="com.flightReservation.testCases.SearchFlights"/>
  <testcase name="selectAdultPassengers" time="0.182" classname="com.flightReservation.testCases.SearchFlights"/>
  <testcase name="selectChildPassengers" time="0.127" classname="com.flightReservation.testCases.SearchFlights"/>
  <testcase name="selectInfantPassener" time="0.199" classname="com.flightReservation.testCases.SearchFlights"/>
  <testcase name="selectClassType" time="10.161" classname="com.flightReservation.testCases.SearchFlights"/>
  <testcase name="selectToCity" time="3.231" classname="com.flightReservation.testCases.SearchFlights"/>
  <testcase name="selectDepDate" time="3.289" classname="com.flightReservation.testCases.SearchFlights"/>
  <testcase name="selectRetDate" time="3.393" classname="com.flightReservation.testCases.SearchFlights"/>
</testsuite> <!-- Default test -->
