<?xml version="1.0" encoding="UTF-8"?>
<!-- Generated by org.testng.reporters.JUnitXMLReporter -->
<testsuite hostname="Nagendras-MBP.lan" ignored="0" name="Create01" tests="9" failures="0" timestamp="25 Jan 2021 02:14:20 GMT" time="35.173" errors="0">
  <testcase name="clickFlightbutton" time="0.111" classname="com.flightReservation.testCases.SearchFlights"/>
  <testcase name="selectTripType" time="7.38" classname="com.flightReservation.testCases.SearchFlights"/>
  <testcase name="selectAdultPassengers" time="0.211" classname="com.flightReservation.testCases.SearchFlights"/>
  <testcase name="selectChildPassengers" time="0.13" classname="com.flightReservation.testCases.SearchFlights"/>
  <testcase name="selectInfantPassener" time="0.243" classname="com.flightReservation.testCases.SearchFlights"/>
  <testcase name="selectClassType" time="10.445" classname="com.flightReservation.testCases.SearchFlights"/>
  <testcase name="selectToCity" time="3.312" classname="com.flightReservation.testCases.SearchFlights"/>
  <testcase name="selectDepDate" time="3.406" classname="com.flightReservation.testCases.SearchFlights"/>
  <testcase name="selectRetDate" time="3.537" classname="com.flightReservation.testCases.SearchFlights"/>
</testsuite> <!-- Create01 -->
