<?xml version="1.0" encoding="UTF-8"?>
<testng-results skipped="0" failed="0" ignored="0" total="9" passed="9">
  <reporter-output>
  </reporter-output>
  <suite name="Default suite" duration-ms="36242" started-at="2021-01-26T22:36:57Z" finished-at="2021-01-26T22:37:34Z">
    <groups>
    </groups>
    <test name="Default test" duration-ms="36242" started-at="2021-01-26T22:36:57Z" finished-at="2021-01-26T22:37:34Z">
      <class name="com.flightReservation.testCases.SearchFlights">
        <test-method status="PASS" signature="setup()[pri:0, instance:com.flightReservation.testCases.SearchFlights@55a561cf]" name="setup" is-config="true" duration-ms="8218" started-at="2021-01-26T22:36:57Z" finished-at="2021-01-26T22:37:06Z">
          <reporter-output>
          </reporter-output>
        </test-method> <!-- setup -->
        <test-method status="PASS" signature="clickFlightbutton()[pri:1, instance:com.flightReservation.testCases.SearchFlights@55a561cf]" name="clickFlightbutton" duration-ms="109" started-at="2021-01-26T22:37:06Z" finished-at="2021-01-26T22:37:06Z">
          <reporter-output>
          </reporter-output>
        </test-method> <!-- clickFlightbutton -->
        <test-method status="PASS" signature="selectTripType()[pri:2, instance:com.flightReservation.testCases.SearchFlights@55a561cf]" name="selectTripType" duration-ms="7295" started-at="2021-01-26T22:37:06Z" finished-at="2021-01-26T22:37:13Z">
          <reporter-output>
          </reporter-output>
        </test-method> <!-- selectTripType -->
        <test-method status="PASS" signature="selectAdultPassengers()[pri:3, instance:com.flightReservation.testCases.SearchFlights@55a561cf]" name="selectAdultPassengers" duration-ms="182" started-at="2021-01-26T22:37:13Z" finished-at="2021-01-26T22:37:13Z">
          <reporter-output>
          </reporter-output>
        </test-method> <!-- selectAdultPassengers -->
        <test-method status="PASS" signature="selectChildPassengers()[pri:4, instance:com.flightReservation.testCases.SearchFlights@55a561cf]" name="selectChildPassengers" duration-ms="127" started-at="2021-01-26T22:37:13Z" finished-at="2021-01-26T22:37:13Z">
          <reporter-output>
          </reporter-output>
        </test-method> <!-- selectChildPassengers -->
        <test-method status="PASS" signature="selectInfantPassener()[pri:5, instance:com.flightReservation.testCases.SearchFlights@55a561cf]" name="selectInfantPassener" duration-ms="199" started-at="2021-01-26T22:37:13Z" finished-at="2021-01-26T22:37:14Z">
          <reporter-output>
          </reporter-output>
        </test-method> <!-- selectInfantPassener -->
        <test-method status="PASS" signature="selectClassType()[pri:6, instance:com.flightReservation.testCases.SearchFlights@55a561cf]" name="selectClassType" duration-ms="10161" started-at="2021-01-26T22:37:14Z" finished-at="2021-01-26T22:37:24Z">
          <reporter-output>
          </reporter-output>
        </test-method> <!-- selectClassType -->
        <test-method status="PASS" signature="selectToCity()[pri:7, instance:com.flightReservation.testCases.SearchFlights@55a561cf]" name="selectToCity" duration-ms="3231" started-at="2021-01-26T22:37:24Z" finished-at="2021-01-26T22:37:27Z">
          <reporter-output>
          </reporter-output>
        </test-method> <!-- selectToCity -->
        <test-method status="PASS" signature="selectDepDate()[pri:8, instance:com.flightReservation.testCases.SearchFlights@55a561cf]" name="selectDepDate" duration-ms="3289" started-at="2021-01-26T22:37:27Z" finished-at="2021-01-26T22:37:30Z">
          <reporter-output>
          </reporter-output>
        </test-method> <!-- selectDepDate -->
        <test-method status="PASS" signature="selectRetDate()[pri:9, instance:com.flightReservation.testCases.SearchFlights@55a561cf]" name="selectRetDate" duration-ms="3393" started-at="2021-01-26T22:37:30Z" finished-at="2021-01-26T22:37:34Z">
          <reporter-output>
          </reporter-output>
        </test-method> <!-- selectRetDate -->
      </class> <!-- com.flightReservation.testCases.SearchFlights -->
    </test> <!-- Default test -->
  </suite> <!-- Default suite -->
</testng-results>
