<?xml version="1.0" encoding="UTF-8"?>
<testng-results skipped="0" failed="0" ignored="0" total="9" passed="9">
  <reporter-output>
  </reporter-output>
  <suite name="Default suite" duration-ms="31904" started-at="2021-01-25T00:05:45Z" finished-at="2021-01-25T00:06:17Z">
    <groups>
    </groups>
    <test name="Default test" duration-ms="31904" started-at="2021-01-25T00:05:45Z" finished-at="2021-01-25T00:06:17Z">
      <class name="com.flightReservation.testCases.SearchFlights">
        <test-method status="PASS" signature="setup()[pri:0, instance:com.flightReservation.testCases.SearchFlights@55a561cf]" name="setup" is-config="true" duration-ms="4046" started-at="2021-01-25T00:05:45Z" finished-at="2021-01-25T00:05:49Z">
          <reporter-output>
          </reporter-output>
        </test-method> <!-- setup -->
        <test-method status="PASS" signature="clickFlightbutton()[pri:1, instance:com.flightReservation.testCases.SearchFlights@55a561cf]" name="clickFlightbutton" duration-ms="94" started-at="2021-01-25T00:05:49Z" finished-at="2021-01-25T00:05:49Z">
          <reporter-output>
          </reporter-output>
        </test-method> <!-- clickFlightbutton -->
        <test-method status="PASS" signature="selectTripType()[pri:2, instance:com.flightReservation.testCases.SearchFlights@55a561cf]" name="selectTripType" duration-ms="7271" started-at="2021-01-25T00:05:50Z" finished-at="2021-01-25T00:05:57Z">
          <reporter-output>
          </reporter-output>
        </test-method> <!-- selectTripType -->
        <test-method status="PASS" signature="selectAdultPassengers()[pri:3, instance:com.flightReservation.testCases.SearchFlights@55a561cf]" name="selectAdultPassengers" duration-ms="169" started-at="2021-01-25T00:05:57Z" finished-at="2021-01-25T00:05:57Z">
          <reporter-output>
          </reporter-output>
        </test-method> <!-- selectAdultPassengers -->
        <test-method status="PASS" signature="selectChildPassengers()[pri:4, instance:com.flightReservation.testCases.SearchFlights@55a561cf]" name="selectChildPassengers" duration-ms="101" started-at="2021-01-25T00:05:57Z" finished-at="2021-01-25T00:05:57Z">
          <reporter-output>
          </reporter-output>
        </test-method> <!-- selectChildPassengers -->
        <test-method status="PASS" signature="selectInfantPassener()[pri:5, instance:com.flightReservation.testCases.SearchFlights@55a561cf]" name="selectInfantPassener" duration-ms="187" started-at="2021-01-25T00:05:57Z" finished-at="2021-01-25T00:05:57Z">
          <reporter-output>
          </reporter-output>
        </test-method> <!-- selectInfantPassener -->
        <test-method status="PASS" signature="selectClassType()[pri:6, instance:com.flightReservation.testCases.SearchFlights@55a561cf]" name="selectClassType" duration-ms="10155" started-at="2021-01-25T00:05:57Z" finished-at="2021-01-25T00:06:07Z">
          <reporter-output>
          </reporter-output>
        </test-method> <!-- selectClassType -->
        <test-method status="PASS" signature="selectToCity()[pri:8, instance:com.flightReservation.testCases.SearchFlights@55a561cf]" name="selectToCity" duration-ms="3210" started-at="2021-01-25T00:06:07Z" finished-at="2021-01-25T00:06:11Z">
          <reporter-output>
          </reporter-output>
        </test-method> <!-- selectToCity -->
        <test-method status="PASS" signature="selectDepDate()[pri:9, instance:com.flightReservation.testCases.SearchFlights@55a561cf]" name="selectDepDate" duration-ms="3292" started-at="2021-01-25T00:06:11Z" finished-at="2021-01-25T00:06:14Z">
          <reporter-output>
          </reporter-output>
        </test-method> <!-- selectDepDate -->
        <test-method status="PASS" signature="selectRetDate()[pri:10, instance:com.flightReservation.testCases.SearchFlights@55a561cf]" name="selectRetDate" duration-ms="3348" started-at="2021-01-25T00:06:14Z" finished-at="2021-01-25T00:06:17Z">
          <reporter-output>
          </reporter-output>
        </test-method> <!-- selectRetDate -->
      </class> <!-- com.flightReservation.testCases.SearchFlights -->
    </test> <!-- Default test -->
  </suite> <!-- Default suite -->
</testng-results>
